<?xml version="1.0" encoding="UTF-8" ?>
<testsuite tests="4" failures="0" name="com.santokart.options.TestRunner" time="0.069" errors="0" skipped="0">
  <properties>
[...]
</properties>
  <testcase classname="Application Login" name="Home Page default login" time="0.051"/>
  <testcase classname="Application Login" name="Home Page Santi Login" time="0.006"/>
  <testcase classname="Application Login" name="Multiple users Login #1" time="0.008"/>
  <testcase classname="Application Login" name="Multiple users Login #2" time="0.004"/>
</testsuite>